C:\程序练习\词法分析程序\DEBUG\词法分析程序.EXE
C:\程序练习\词法分析程序\DEBUG\词法分析程序.ILK
C:\程序练习\词法分析程序\DEBUG\词法分析程序.PDB
C:\程序练习\词法分析程序\词法分析程序\Debug\cl.command.1.tlog
C:\程序练习\词法分析程序\词法分析程序\Debug\CL.read.1.tlog
C:\程序练习\词法分析程序\词法分析程序\Debug\CL.write.1.tlog
C:\程序练习\词法分析程序\词法分析程序\Debug\link.4724.read.1.tlog
C:\程序练习\词法分析程序\词法分析程序\Debug\link.4724.write.1.tlog
C:\程序练习\词法分析程序\词法分析程序\Debug\link.4724-cvtres.read.1.tlog
C:\程序练习\词法分析程序\词法分析程序\Debug\link.4724-cvtres.write.1.tlog
C:\程序练习\词法分析程序\词法分析程序\Debug\link.command.1.tlog
C:\程序练习\词法分析程序\词法分析程序\Debug\link.read.1.tlog
C:\程序练习\词法分析程序\词法分析程序\Debug\link.write.1.tlog
C:\程序练习\词法分析程序\词法分析程序\Debug\link-cvtres.read.1.tlog
C:\程序练习\词法分析程序\词法分析程序\Debug\link-cvtres.write.1.tlog
C:\程序练习\词法分析程序\词法分析程序\Debug\mt.command.1.tlog
C:\程序练习\词法分析程序\词法分析程序\Debug\mt.read.1.tlog
C:\程序练习\词法分析程序\词法分析程序\Debug\mt.write.1.tlog
C:\程序练习\词法分析程序\词法分析程序\Debug\rc.command.1.tlog
C:\程序练习\词法分析程序\词法分析程序\Debug\rc.read.1.tlog
C:\程序练习\词法分析程序\词法分析程序\Debug\rc.write.1.tlog
C:\程序练习\词法分析程序\词法分析程序\Debug\vc100.idb
C:\程序练习\词法分析程序\词法分析程序\DEBUG\VC100.PDB
C:\程序练习\词法分析程序\词法分析程序\DEBUG\词法分析.OBJ
C:\程序练习\词法分析程序\词法分析程序\DEBUG\词法分析程序.EXE.EMBED.MANIFEST
C:\程序练习\词法分析程序\词法分析程序\DEBUG\词法分析程序.EXE.EMBED.MANIFEST.RES
C:\程序练习\词法分析程序\词法分析程序\DEBUG\词法分析程序.EXE.INTERMEDIATE.MANIFEST
C:\程序练习\词法分析程序\词法分析程序\Debug\词法分析程序_manifest.rc
